<?xml version="1.0" encoding="UTF-8"?>
<!-- Generated by org.testng.reporters.JUnitReportReporter -->
<testsuite skipped="0" hostname="Murali" name="com.murali.selenium.VerifyWordpressLogin" tests="1" failures="0" timestamp="06 Sep 2017 13:55:33 GMT" time="24.318" errors="0">
  <testcase name="verifyValidLogin" time="24.318" classname="com.murali.selenium.VerifyWordpressLogin"/>
</testsuite> <!-- com.murali.selenium.VerifyWordpressLogin -->
