<?xml version="1.0" encoding="UTF-8"?>
<!-- Generated by org.testng.reporters.JUnitReportReporter -->
<testsuite skipped="0" hostname="Murali" name="com.murali.selenium.LoginPageWordpress" tests="1" failures="0" timestamp="06 Sep 2017 13:32:11 GMT" time="21.395" errors="0">
  <testcase name="validLogin" time="21.395" classname="com.murali.selenium.LoginPageWordpress"/>
</testsuite> <!-- com.murali.selenium.LoginPageWordpress -->
