<?xml version="1.0" encoding="UTF-8"?>
<!-- Generated by org.testng.reporters.JUnitReportReporter -->
<testsuite skipped="0" hostname="Murali" name="com.murali.selenium.WindowHandlingCode" tests="1" failures="0" timestamp="18 Sep 2017 03:26:31 GMT" time="36.201" errors="0">
  <testcase name="TestPopUp" time="36.201" classname="com.murali.selenium.WindowHandlingCode"/>
</testsuite> <!-- com.murali.selenium.WindowHandlingCode -->
